<?xml version="1.0" encoding="UTF-8"?>
<testng-results skipped="0" failed="0" ignored="0" total="1" passed="1">
  <reporter-output>
  </reporter-output>
  <suite name="Default suite" duration-ms="21486" started-at="2020-07-07T23:55:23 CDT" finished-at="2020-07-07T23:55:45 CDT">
    <groups>
    </groups>
    <test name="Default test" duration-ms="21486" started-at="2020-07-07T23:55:23 CDT" finished-at="2020-07-07T23:55:45 CDT">
      <class name="windowHandle.windowTabhandle">
        <test-method status="PASS" signature="login()[pri:0, instance:windowHandle.windowTabhandle@f4168b8]" name="login" is-config="true" duration-ms="18018" started-at="2020-07-07T23:55:23 CDT" finished-at="2020-07-07T23:55:41 CDT">
          <reporter-output>
          </reporter-output>
        </test-method> <!-- login -->
        <test-method status="PASS" signature="windowTab()[pri:0, instance:windowHandle.windowTabhandle@f4168b8]" name="windowTab" duration-ms="3374" started-at="2020-07-07T23:55:41 CDT" finished-at="2020-07-07T23:55:45 CDT">
          <reporter-output>
          </reporter-output>
        </test-method> <!-- windowTab -->
      </class> <!-- windowHandle.windowTabhandle -->
    </test> <!-- Default test -->
  </suite> <!-- Default suite -->
</testng-results>
